<?xml version="1.0" encoding="UTF-8"?>
<testng-results ignored="0" total="1" passed="0" failed="1" skipped="0">
  <reporter-output>
  </reporter-output>
  <suite started-at="2024-03-15T08:17:52Z" name="Default suite" finished-at="2024-03-15T08:18:08Z" duration-ms="16474">
    <groups>
      <group name="cucumber">
        <method signature="AbstractTestNGCucumberTests.runScenario(io.cucumber.testng.PickleWrapper, io.cucumber.testng.FeatureWrapper)[pri:0, instance:cucumber.TestNGtestRunner@1d3ac898]" name="runScenario" class="io.cucumber.testng.AbstractTestNGCucumberTests"/>
      </group> <!-- cucumber -->
    </groups>
    <test started-at="2024-03-15T08:17:52Z" name="Default test" finished-at="2024-03-15T08:18:08Z" duration-ms="16474">
      <class name="cucumber.TestNGtestRunner">
        <test-method is-config="true" signature="setUpClass(org.testng.ITestContext)[pri:0, instance:cucumber.TestNGtestRunner@1d3ac898]" started-at="2024-03-15T08:17:52Z" name="setUpClass" finished-at="2024-03-15T08:17:54Z" duration-ms="2723" status="PASS">
          <params>
            <param index="0">
              <value>
                <![CDATA[org.testng.TestRunner@44f24a20]]>
              </value>
            </param>
          </params>
          <reporter-output>
          </reporter-output>
        </test-method> <!-- setUpClass -->
        <test-method signature="runScenario(io.cucumber.testng.PickleWrapper, io.cucumber.testng.FeatureWrapper)[pri:0, instance:cucumber.TestNGtestRunner@1d3ac898]" started-at="2024-03-15T08:17:54Z" name="runScenario" description="Runs Cucumber Scenarios" data-provider="scenarios" finished-at="2024-03-15T08:18:08Z" duration-ms="13528" status="FAIL">
          <params>
            <param index="0">
              <value>
                <![CDATA["Positive Test Of Submitting the order"]]>
              </value>
            </param>
            <param index="1">
              <value>
                <![CDATA["Title of your feature"]]>
              </value>
            </param>
          </params>
          <exception class="java.lang.NullPointerException">
            <message>
              <![CDATA[Cannot invoke "org.openqa.selenium.WebElement.findElement(org.openqa.selenium.By)" because "prod" is null]]>
            </message>
            <full-stacktrace>
              <![CDATA[java.lang.NullPointerException: Cannot invoke "org.openqa.selenium.WebElement.findElement(org.openqa.selenium.By)" because "prod" is null
at rahulshettyacademy.pageobjects.ProductCatologue.addProductTocart(ProductCatologue.java:62)
at rahulshettyacademy.stepDefinations.StepDefinationImpl.i_add_product_to_cart(StepDefinationImpl.java:38)
at ✽.I add the product <producName> to cart(file:///C:/Users/madhu/eclipse/java-2023-09/eclipse/SeleniumFrameworkDesign/src/test/java/cucumber/SubmitOrder.feature:12)
]]>
            </full-stacktrace>
          </exception> <!-- java.lang.NullPointerException -->
          <reporter-output>
          </reporter-output>
        </test-method> <!-- runScenario -->
        <test-method is-config="true" signature="tearDownClass()[pri:0, instance:cucumber.TestNGtestRunner@1d3ac898]" started-at="2024-03-15T08:18:08Z" name="tearDownClass" finished-at="2024-03-15T08:18:08Z" duration-ms="125" status="PASS">
          <reporter-output>
          </reporter-output>
        </test-method> <!-- tearDownClass -->
      </class> <!-- cucumber.TestNGtestRunner -->
    </test> <!-- Default test -->
  </suite> <!-- Default suite -->
</testng-results>
