<?xml version="1.0" encoding="UTF-8"?>
<!-- Generated by org.testng.reporters.JUnitReportReporter -->
<testsuite hostname="DESKTOP-AMSJ8TE" failures="0" tests="1" name="cucumber.TestNGtestRunner" time="13.528" errors="1" timestamp="15 Mar 2024 08:18:08 GMT" skipped="0">
  <testcase classname="cucumber.TestNGtestRunner" name="runScenario" time="13.528">
    <error message="Cannot invoke &quot;org.openqa.selenium.WebElement.findElement(org.openqa.selenium.By)&quot; because &quot;prod&quot; is null" type="java.lang.NullPointerException">
      <![CDATA[java.lang.NullPointerException: Cannot invoke "org.openqa.selenium.WebElement.findElement(org.openqa.selenium.By)" because "prod" is null
at rahulshettyacademy.pageobjects.ProductCatologue.addProductTocart(ProductCatologue.java:62)
at rahulshettyacademy.stepDefinations.StepDefinationImpl.i_add_product_to_cart(StepDefinationImpl.java:38)
at ✽.I add the product <producName> to cart(file:///C:/Users/madhu/eclipse/java-2023-09/eclipse/SeleniumFrameworkDesign/src/test/java/cucumber/SubmitOrder.feature:12)
]]>
    </error>
  </testcase> <!-- runScenario -->
</testsuite> <!-- cucumber.TestNGtestRunner -->
