<?xml version="1.0" encoding="UTF-8"?>
<!-- Generated by org.testng.reporters.JUnitXMLReporter -->
<testsuite ignored="2" hostname="DESKTOP-AMSJ8TE" failures="0" tests="0" time="0.013" errors="0" timestamp="18 Feb 2024 17:02:51 GMT">
  <testcase classname="rahulshettyacademy.tests.ErrorValidationsTest" name="LoginErrorValidations" time="0.0">
    <ignored/>
  </testcase> <!-- LoginErrorValidations -->
  <testcase classname="rahulshettyacademy.tests.ErrorValidationsTest" name="productErrorValidations" time="0.0">
    <ignored/>
  </testcase> <!-- productErrorValidations -->
</testsuite>
