<?xml version="1.0" encoding="UTF-8"?>
<!-- Generated by org.testng.reporters.JUnitXMLReporter -->
<testsuite ignored="0" hostname="DESKTOP-AMSJ8TE" failures="1" tests="1" name="Default test" time="16.474" errors="0" timestamp="15 Mar 2024 08:18:08 GMT">
  <testcase classname="io.cucumber.testng.AbstractTestNGCucumberTests" name="runScenario" time="13.528">
    <failure type="java.lang.NullPointerException" message="Cannot invoke &amp;quot;org.openqa.selenium.WebElement.findElement(org.openqa.selenium.By)&amp;quot; because &amp;quot;prod&amp;quot; is null">
      <![CDATA[java.lang.NullPointerException: Cannot invoke "org.openqa.selenium.WebElement.findElement(org.openqa.selenium.By)" because "prod" is null
at rahulshettyacademy.pageobjects.ProductCatologue.addProductTocart(ProductCatologue.java:62)
at rahulshettyacademy.stepDefinations.StepDefinationImpl.i_add_product_to_cart(StepDefinationImpl.java:38)
at ✽.I add the product <producName> to cart(file:///C:/Users/madhu/eclipse/java-2023-09/eclipse/SeleniumFrameworkDesign/src/test/java/cucumber/SubmitOrder.feature:12)
]]>
    </failure>
  </testcase> <!-- runScenario -->
</testsuite> <!-- Default test -->
